=/pretest.json
{
  _: [],
  f: [
    '/home/runner/work/exp-history-virtual-reality-iitd/exp-history-virtual-reality-iitd/experiment/pretest.json'
  ],
  files: [
    '/home/runner/work/exp-history-virtual-reality-iitd/exp-history-virtual-reality-iitd/experiment/pretest.json'
  ],
  c: 'assessment',
  contentTypes: 'assessment',
  'content-types': 'assessment',
  '$0': 'validate'
}
Failed while validating /home/runner/work/exp-history-virtual-reality-iitd/exp-history-virtual-reality-iitd/experiment/pretest.json
SyntaxError: /home/runner/work/exp-history-virtual-reality-iitd/exp-history-virtual-reality-iitd/experiment/pretest.json: Unexpected token F in JSON at position 83
=/posttest.json
{
  _: [],
  f: [
    '/home/runner/work/exp-history-virtual-reality-iitd/exp-history-virtual-reality-iitd/experiment/posttest.json'
  ],
  files: [
    '/home/runner/work/exp-history-virtual-reality-iitd/exp-history-virtual-reality-iitd/experiment/posttest.json'
  ],
  c: 'assessment',
  contentTypes: 'assessment',
  'content-types': 'assessment',
  '$0': 'validate'
}
/questions/6: must have required property 'answers'

/questions/6: must have required property 'correctAnswer'

/questions/6: must have required property 'difficulty'

/questions/6: must NOT have additional properties

/questions/6: must NOT have additional properties

/questions/6: must NOT have additional properties

Json Error: must match "then" schema
Json Error: must match "then" schema
Failed while validating /home/runner/work/exp-history-virtual-reality-iitd/exp-history-virtual-reality-iitd/experiment/posttest.json
Error: Schema is Invalid
